<?xml version="1.0" encoding="UTF-8"?>
<!-- Generated by org.testng.reporters.JUnitReportReporter -->
<testsuite skipped="0" hostname="DESKTOP-FJN63NP" name="tests.ThreeTest" tests="1" failures="0" timestamp="2023-04-24T17:16:56 IST" time="21.808" errors="0">
  <testcase name="threeTest" time="21.808" classname="tests.ThreeTest"/>
  <system-out/>
</testsuite> <!-- tests.ThreeTest -->
