<?xml version="1.0" encoding="UTF-8"?>
<!-- Generated by org.testng.reporters.JUnitReportReporter -->
<testsuite skipped="0" hostname="DESKTOP-FJN63NP" name="runner.Runner" tests="1" failures="0" timestamp="2023-04-24T18:05:55 IST" time="16.514" errors="0">
  <testcase name="runScenario" time="16.514" classname="runner.Runner"/>
  <system-out/>
</testsuite> <!-- runner.Runner -->
