<?xml version="1.0" encoding="UTF-8"?>
<!-- Generated by org.testng.reporters.JUnitReportReporter -->
<testsuite skipped="0" hostname="DESKTOP-FJN63NP" name="tests.LoginTest" tests="2" failures="0" timestamp="2023-05-11T19:33:30 IST" time="68.643" errors="0">
  <testcase name="login" time="56.481" classname="tests.LoginTest"/>
  <system-out/>
  <testcase name="login" time="12.162" classname="tests.LoginTest"/>
  <system-out/>
</testsuite> <!-- tests.LoginTest -->
