<?xml version="1.0" encoding="UTF-8"?>
<!-- Generated by org.testng.reporters.JUnitReportReporter -->
<testsuite skipped="0" hostname="DESKTOP-FJN63NP" name="tests.TwoTest" tests="1" failures="0" timestamp="2023-04-24T17:16:56 IST" time="22.107" errors="0">
  <testcase name="testTwo" time="22.107" classname="tests.TwoTest"/>
  <system-out/>
</testsuite> <!-- tests.TwoTest -->
