<?xml version="1.0" encoding="UTF-8"?>
<!-- Generated by org.testng.reporters.JUnitReportReporter -->
<testsuite hostname="DESKTOP-FJN63NP" failures="0" tests="1" name="tests.ThreeTest" time="30.587" errors="0" timestamp="2023-07-07T14:13:01 IST" skipped="0">
  <testcase classname="tests.ThreeTest" name="threeTest" time="30.587"/>
  <system-out/>
</testsuite> <!-- tests.ThreeTest -->
