<?xml version="1.0" encoding="UTF-8"?>
<!-- Generated by org.testng.reporters.JUnitReportReporter -->
<testsuite hostname="DESKTOP-FJN63NP" failures="0" tests="2" name="tests.LoginTest" time="43.885" errors="0" timestamp="2023-07-07T14:13:01 IST" skipped="0">
  <testcase classname="tests.LoginTest" name="login" time="33.527"/>
  <system-out/>
  <testcase classname="tests.LoginTest" name="login" time="10.358"/>
  <system-out/>
</testsuite> <!-- tests.LoginTest -->
