<?xml version="1.0" encoding="UTF-8"?>
<!-- Generated by org.testng.reporters.JUnitReportReporter -->
<testsuite hostname="DESKTOP-FJN63NP" failures="0" tests="1" name="tests.TwoTest" time="30.489" errors="0" timestamp="2023-07-07T14:13:01 IST" skipped="0">
  <testcase classname="tests.TwoTest" name="testTwo" time="30.489"/>
  <system-out/>
</testsuite> <!-- tests.TwoTest -->
